INFO: [SIM 2] *************** CSIM start ***************
INFO: [SIM 4] CSIM will launch GCC as the compiler.
make[1]: Entering directory `/users/course/2022S/HLS17000000/g110064521/HLS_C/Vitis_Libraries/quantitative_finance/L1/tests/normalRNG/HLS_Final_Channel_Model/src/normalRNG.prj/sol/csim/build'
   Compiling ../../../../test_normal_rng.cpp in debug mode
   Compiling ../../../../normal_rng.cpp in debug mode
   Generating csim.exe
make[1]: Leaving directory `/users/course/2022S/HLS17000000/g110064521/HLS_C/Vitis_Libraries/quantitative_finance/L1/tests/normalRNG/HLS_Final_Channel_Model/src/normalRNG.prj/sol/csim/build'
Real

 output_randn[0]: 0.101749
 output_randn[1]: -1.18245
 output_randn[2]: 0.208107
 output_randn[3]: 0.587063
 output_randn[4]: -0.169227
 output_randn[5]: 0.954878
 output_randn[6]: -1.67469
 output_randn[7]: 0.74383
 output_randn[8]: -0.0548694
 output_randn[9]: 0.226884
 output_randn[10]: -1.17549
 output_randn[11]: -0.367302
 output_randn[12]: 0.728888
 output_randn[13]: -0.0373227
 output_randn[14]: -0.899673
 output_randn[15]: -0.49177


Imag

 output_randn[0]: -0.663198
 output_randn[1]: -0.664924
 output_randn[2]: 0.523229
 output_randn[3]: 0.926598
 output_randn[4]: 2.28256
 output_randn[5]: 0.546873
 output_randn[6]: 0.371271
 output_randn[7]: -0.0746391
 output_randn[8]: -1.12042
 output_randn[9]: 1.683
 output_randn[10]: 0.867632
 output_randn[11]: -0.337022
 output_randn[12]: -0.889954
 output_randn[13]: -0.819023
 output_randn[14]: -1.05493
 output_randn[15]: 1.37531
INFO: [SIM 1] CSim done with 0 errors.
INFO: [SIM 3] *************** CSIM finish ***************
