
****** Vitis HLS - High-Level Synthesis from C, C++ and OpenCL v2021.2 (64-bit)
  **** SW Build 3367213 on Tue Oct 19 02:47:39 MDT 2021
  **** IP Build 3369179 on Thu Oct 21 08:25:16 MDT 2021
    ** Copyright 1986-2021 Xilinx, Inc. All Rights Reserved.

source /opt/Xilinx/Vitis_HLS/2021.2/scripts/vitis_hls/hls.tcl -notrace
INFO: Applying HLS Y2K22 patch v1.2 for IP revision
INFO: [HLS 200-10] Running '/opt/Xilinx/Vitis_HLS/2021.2/bin/unwrapped/lnx64.o/vitis_hls'
INFO: [HLS 200-10] For user 'g110064521' on host 'ic21' (Linux_x86_64 version 3.10.0-1160.62.1.el7.x86_64) on Wed May 18 10:39:37 CST 2022
INFO: [HLS 200-10] On os "CentOS Linux release 7.9.2009 (Core)"
INFO: [HLS 200-10] In directory '/users/course/2022S/HLS17000000/g110064521/HLS_C/Vitis_Libraries/quantitative_finance/L1/tests/normalRNG/HLS_Final_Channel_Model/src'
Sourcing Tcl script 'run_hls.tcl'
INFO: [HLS 200-1510] Running: open_project -reset normalRNG.prj 
INFO: [HLS 200-10] Opening and resetting project '/users/course/2022S/HLS17000000/g110064521/HLS_C/Vitis_Libraries/quantitative_finance/L1/tests/normalRNG/HLS_Final_Channel_Model/src/normalRNG.prj'.
WARNING: [HLS 200-40] No /users/course/2022S/HLS17000000/g110064521/HLS_C/Vitis_Libraries/quantitative_finance/L1/tests/normalRNG/HLS_Final_Channel_Model/src/normalRNG.prj/sol/sol.aps file found.
INFO: [HLS 200-1510] Running: add_files normal_rng.cpp -cflags -I/users/course/2022S/HLS17000000/g110064521/HLS_C/Vitis_Libraries/quantitative_finance/L1/include -I/users/course/2022S/HLS17000000/g110064521/HLS_C/Vitis_Libraries/quantitative_finance/ext/dcmt/dcmt/include 
INFO: [HLS 200-10] Adding design file 'normal_rng.cpp' to the project
INFO: [HLS 200-1510] Running: add_files -tb test_normal_rng.cpp /users/course/2022S/HLS17000000/g110064521/HLS_C/Vitis_Libraries/quantitative_finance/ext/dcmt/dcmt/lib/libdcmt.a -cflags -I/users/course/2022S/HLS17000000/g110064521/HLS_C/Vitis_Libraries/quantitative_finance/L1/include -I/users/course/2022S/HLS17000000/g110064521/HLS_C/Vitis_Libraries/quantitative_finance/ext/dcmt/dcmt/include 
INFO: [HLS 200-10] Adding test bench file 'test_normal_rng.cpp' to the project
INFO: [HLS 200-10] Adding test bench file '/users/course/2022S/HLS17000000/g110064521/HLS_C/Vitis_Libraries/quantitative_finance/ext/dcmt/dcmt/lib/libdcmt.a' to the project
INFO: [HLS 200-1510] Running: set_top dut 
INFO: [HLS 200-1510] Running: open_solution -reset sol 
INFO: [HLS 200-10] Creating and opening solution '/users/course/2022S/HLS17000000/g110064521/HLS_C/Vitis_Libraries/quantitative_finance/L1/tests/normalRNG/HLS_Final_Channel_Model/src/normalRNG.prj/sol'.
INFO: [HLS 200-10] Cleaning up the solution database.
WARNING: [HLS 200-40] No /users/course/2022S/HLS17000000/g110064521/HLS_C/Vitis_Libraries/quantitative_finance/L1/tests/normalRNG/HLS_Final_Channel_Model/src/normalRNG.prj/sol/sol.aps file found.
INFO: [HLS 200-1505] Using default flow_target 'vivado'
Resolution: For help on HLS 200-1505 see www.xilinx.com/cgi-bin/docs/rdoc?v=2021.2;t=hls+guidance;d=200-1505.html
INFO: [HLS 200-1510] Running: set_part xcu50-fsvh2104-2-e 
INFO: [HLS 200-1611] Setting target device to 'xcu50-fsvh2104-2-e'
INFO: [HLS 200-1510] Running: create_clock -period 300MHz 
INFO: [SYN 201-201] Setting up clock 'default' with a period of 3.333ns.
INFO: [HLS 200-1510] Running: csim_design -ldflags -L./ -ldcmt 
INFO: [SIM 211-2] *************** CSIM start ***************
INFO: [SIM 211-4] CSIM will launch GCC as the compiler.
make[1]: Entering directory `/users/course/2022S/HLS17000000/g110064521/HLS_C/Vitis_Libraries/quantitative_finance/L1/tests/normalRNG/HLS_Final_Channel_Model/src/normalRNG.prj/sol/csim/build'
   Compiling ../../../../test_normal_rng.cpp in debug mode
   Compiling ../../../../normal_rng.cpp in debug mode
   Generating csim.exe
make[1]: Leaving directory `/users/course/2022S/HLS17000000/g110064521/HLS_C/Vitis_Libraries/quantitative_finance/L1/tests/normalRNG/HLS_Final_Channel_Model/src/normalRNG.prj/sol/csim/build'
In file included from /opt/Xilinx/Vitis_HLS/2021.2/include/hls_hotbm_apfixed.h:45:0,
                 from /opt/Xilinx/Vitis_HLS/2021.2/include/hls_math.h:1065,
                 from /users/course/2022S/HLS17000000/g110064521/HLS_C/Vitis_Libraries/quantitative_finance/L1/include/xf_fintech/rng.hpp:27,
                 from ../../../../normal_rng.cpp:2:
/opt/Xilinx/Vitis_HLS/2021.2/include/utils/x_hls_utils.h:246:10: warning: ‘hls_preserve’ attribute directive ignored [-Wattributes]
 T reg(T d)
          ^
: output_randn[0]: -1.90061
: output_randn[1]: 0.245202
: output_randn[2]: 0.407329
: output_randn[3]: 0.641384
: output_randn[4]: -0.654739
: output_randn[5]: -1.20653
: output_randn[6]: 0.730001
: output_randn[7]: -0.281365
: output_randn[8]: 1.07711
: output_randn[9]: 0.799026
: output_randn[10]: 0.218367
: output_randn[11]: -0.759276
: output_randn[12]: 1.3628
: output_randn[13]: -0.609577
: output_randn[14]: -1.06473
: output_randn[15]: -0.278167
: output_randn[16]: -1.53677
: output_randn[17]: 1.08803
: output_randn[18]: -1.20873
: output_randn[19]: -0.036691
: output_randn[20]: -0.951044
: output_randn[21]: -0.0875604
: output_randn[22]: -0.793564
: output_randn[23]: 1.1322
: output_randn[24]: -0.639891
: output_randn[25]: -0.65072
: output_randn[26]: -2.56359
: output_randn[27]: -2.00426
: output_randn[28]: -1.03585
: output_randn[29]: 1.72162
: output_randn[30]: 1.35872
: output_randn[31]: 0.00554748
: output_randn[32]: -1.79765
: output_randn[33]: -0.361814
: output_randn[34]: -0.483213
: output_randn[35]: 0.423403
: output_randn[36]: -0.0323325
: output_randn[37]: 0.551283
: output_randn[38]: 0.21598
: output_randn[39]: 0.0775632
: output_randn[40]: -0.254856
: output_randn[41]: 0.416844
: output_randn[42]: 1.68251
: output_randn[43]: -0.344657
: output_randn[44]: 0.265622
: output_randn[45]: 0.247695
: output_randn[46]: -0.888261
: output_randn[47]: -1.45748
: output_randn[48]: -0.4931
: output_randn[49]: -1.83783
: output_randn[50]: 1.54412
: output_randn[51]: 0.305616
: output_randn[52]: -0.571607
: output_randn[53]: 0.809755
: output_randn[54]: -0.927316
: output_randn[55]: 1.96099
: output_randn[56]: 0.354472
: output_randn[57]: -1.37462
: output_randn[58]: 1.72493
: output_randn[59]: 0.688031
: output_randn[60]: -0.155221
: output_randn[61]: 0.837281
: output_randn[62]: 0.781751
: output_randn[63]: 0.685855
: output_randn[64]: 0.117202
: output_randn[65]: 0.0600983
: output_randn[66]: 0.187235
: output_randn[67]: -0.379756
: output_randn[68]: 0.138021
: output_randn[69]: -1.69347
: output_randn[70]: 0.181011
: output_randn[71]: -1.2157
: output_randn[72]: 0.495024
: output_randn[73]: 0.897675
: output_randn[74]: -0.702586
: output_randn[75]: 0.0387029
: output_randn[76]: -1.31495
: output_randn[77]: 0.255969
: output_randn[78]: 0.589128
: output_randn[79]: -1.04467
: output_randn[80]: -0.0734624
: output_randn[81]: 0.535635
: output_randn[82]: -0.344717
: output_randn[83]: 1.77424
: output_randn[84]: -1.98288
: output_randn[85]: 1.12825
: output_randn[86]: -0.963776
: output_randn[87]: -1.48006
: output_randn[88]: 0.290171
: output_randn[89]: -1.49685
: output_randn[90]: -0.802555
: output_randn[91]: -1.17243
: output_randn[92]: 0.167341
: output_randn[93]: -0.887239
: output_randn[94]: -1.90607
: output_randn[95]: 0.661982
: output_randn[96]: 0.137946
: output_randn[97]: -0.229405
: output_randn[98]: 0.408103
: output_randn[99]: -1.20573
: output_randn[100]: 2.11225
: output_randn[101]: 0.701024
: output_randn[102]: 0.668098
: output_randn[103]: -1.7123
: output_randn[104]: 1.07447
: output_randn[105]: -0.30516
: output_randn[106]: 1.66643
: output_randn[107]: -0.561273
: output_randn[108]: 1.53715
: output_randn[109]: 1.14327
: output_randn[110]: 0.781956
: output_randn[111]: -0.140554
: output_randn[112]: -0.3578
: output_randn[113]: 0.522017
: output_randn[114]: -0.937838
: output_randn[115]: -1.08453
: output_randn[116]: 0.316431
: output_randn[117]: 0.795078
: output_randn[118]: 0.302957
: output_randn[119]: 1.60112
: output_randn[120]: -0.501138
: output_randn[121]: 0.291005
: output_randn[122]: 0.10469
: output_randn[123]: 0.921199
: output_randn[124]: -0.182401
: output_randn[125]: 1.07328
: output_randn[126]: 1.36871
: output_randn[127]: 0.506832
: output_randn[128]: -0.127972
: output_randn[129]: -0.292734
: output_randn[130]: -0.507299
: output_randn[131]: -0.335326
: output_randn[132]: -0.445811
: output_randn[133]: -2.23494
: output_randn[134]: -0.895428
: output_randn[135]: 0.286114
: output_randn[136]: 1.75088
: output_randn[137]: 1.5639
: output_randn[138]: 1.3047
: output_randn[139]: 0.174615
: output_randn[140]: 1.22079
: output_randn[141]: -0.605611
: output_randn[142]: -0.158897
: output_randn[143]: -0.622198
: output_randn[144]: -0.521738
: output_randn[145]: 1.4527
: output_randn[146]: 0.271113
: output_randn[147]: -0.336083
: output_randn[148]: -0.300804
: output_randn[149]: -1.99842
: output_randn[150]: 0.679641
: output_randn[151]: -0.055569
: output_randn[152]: -0.331819
: output_randn[153]: 1.0668
: output_randn[154]: 0.333704
: output_randn[155]: 0.607185
: output_randn[156]: 0.705438
: output_randn[157]: -1.08041
: output_randn[158]: 0.114257
: output_randn[159]: -1.14381
: output_randn[160]: -0.182632
: output_randn[161]: 0.155851
: output_randn[162]: 0.786204
: output_randn[163]: 0.839965
: output_randn[164]: 1.04474
: output_randn[165]: -1.84275
: output_randn[166]: -0.660642
: output_randn[167]: 0.454394
: output_randn[168]: 0.881602
: output_randn[169]: -0.331768
: output_randn[170]: -0.646477
: output_randn[171]: -2.05301
: output_randn[172]: 0.707224
: output_randn[173]: -0.322753
: output_randn[174]: 2.19753
: output_randn[175]: 1.21648
: output_randn[176]: -0.0255468
: output_randn[177]: -0.803619
: output_randn[178]: 0.434501
: output_randn[179]: 0.729633
: output_randn[180]: 0.243391
: output_randn[181]: 0.697635
: output_randn[182]: 0.277557
: output_randn[183]: 0.748264
: output_randn[184]: -0.0635911
: output_randn[185]: 0.958282
: output_randn[186]: 0.522164
: output_randn[187]: -3.24422
: output_randn[188]: -0.118344
: output_randn[189]: -0.098345
: output_randn[190]: 0.480797
: output_randn[191]: 0.599981
: output_randn[192]: 0.258208
: output_randn[193]: 1.85405
: output_randn[194]: 0.0727368
: output_randn[195]: 0.403919
: output_randn[196]: 0.228537
: output_randn[197]: 0.523966
: output_randn[198]: 0.301793
: output_randn[199]: -0.685048
: output_randn[200]: -0.0478245
: output_randn[201]: 0.869168
: output_randn[202]: 0.269085
: output_randn[203]: -0.60241
: output_randn[204]: 0.192378
: output_randn[205]: 2.74901
: output_randn[206]: -2.34821
: output_randn[207]: -0.43464
: output_randn[208]: -0.515023
: output_randn[209]: -1.45677
: output_randn[210]: 1.05297
: output_randn[211]: 0.170994
: output_randn[212]: -1.64902
: output_randn[213]: -0.952449
: output_randn[214]: 1.16642
: output_randn[215]: -0.994123
: output_randn[216]: 0.192086
: output_randn[217]: 1.30078
: output_randn[218]: -0.505415
: output_randn[219]: 0.942888
: output_randn[220]: -1.75341
: output_randn[221]: -2.29215
: output_randn[222]: -0.286744
: output_randn[223]: 0.881847
: output_randn[224]: 0.201913
: output_randn[225]: -1.98462
: output_randn[226]: 0.270332
: output_randn[227]: -1.58506
: output_randn[228]: -0.2446
: output_randn[229]: 0.255546
: output_randn[230]: 0.524524
: output_randn[231]: -0.466623
: output_randn[232]: 0.0552917
: output_randn[233]: 0.222048
: output_randn[234]: 0.993401
: output_randn[235]: 0.413672
: output_randn[236]: 0.177622
: output_randn[237]: -0.504661
: output_randn[238]: 0.686758
: output_randn[239]: 0.663689
: output_randn[240]: 0.174718
: output_randn[241]: 0.362631
: output_randn[242]: -0.676917
: output_randn[243]: -0.689114
: output_randn[244]: -0.68107
: output_randn[245]: 1.38628
: output_randn[246]: -1.41534
: output_randn[247]: -0.079642
: output_randn[248]: -2.19833
: output_randn[249]: 0.238861
: output_randn[250]: -0.623764
: output_randn[251]: -0.308245
: output_randn[252]: -0.23511
: output_randn[253]: 0.904901
: output_randn[254]: 1.12916
: output_randn[255]: -1.47817
: output_randn[256]: -0.0429586
: output_randn[257]: 0.550847
: output_randn[258]: -1.1997
: output_randn[259]: 1.33132
: output_randn[260]: -0.505564
: output_randn[261]: -0.449197
: output_randn[262]: 2.60138
: output_randn[263]: -1.28335
: output_randn[264]: -0.133286
: output_randn[265]: -0.657465
: output_randn[266]: 0.685937
: output_randn[267]: 1.45511
: output_randn[268]: 0.206583
: output_randn[269]: 0.00662734
: output_randn[270]: -0.320796
: output_randn[271]: 0.345447
: output_randn[272]: 0.58914
: output_randn[273]: -0.658364
: output_randn[274]: 2.29209
: output_randn[275]: 0.98134
: output_randn[276]: 1.27843
: output_randn[277]: 0.23974
: output_randn[278]: -0.850585
: output_randn[279]: -0.125484
: output_randn[280]: 0.28684
: output_randn[281]: 0.696662
: output_randn[282]: 0.620401
: output_randn[283]: -0.408059
: output_randn[284]: 1.13514
: output_randn[285]: -0.0373055
: output_randn[286]: 2.32552
: output_randn[287]: 0.516042
: output_randn[288]: 0.171199
: output_randn[289]: -1.58046
: output_randn[290]: 0.928047
: output_randn[291]: -0.343213
: output_randn[292]: -1.49542
: output_randn[293]: -0.198631
: output_randn[294]: 0.371184
: output_randn[295]: -1.11994
: output_randn[296]: -0.935137
: output_randn[297]: 0.789005
: output_randn[298]: 0.37344
: output_randn[299]: -0.552816
: output_randn[300]: -0.354608
: output_randn[301]: -0.358274
: output_randn[302]: -0.34742
: output_randn[303]: -0.403175
: output_randn[304]: 0.0549269
: output_randn[305]: -0.881931
: output_randn[306]: 0.696567
: output_randn[307]: 0.804543
: output_randn[308]: 1.51936
: output_randn[309]: -0.153442
: output_randn[310]: -1.2984
: output_randn[311]: 0.847328
: output_randn[312]: -1.72748
: output_randn[313]: -1.16626
: output_randn[314]: 0.149384
: output_randn[315]: 0.348914
: output_randn[316]: -0.208277
: output_randn[317]: 0.31863
: output_randn[318]: -0.338492
: output_randn[319]: -2.55761
: output_randn[320]: -0.0527756
: output_randn[321]: -0.702846
: output_randn[322]: -1.56177
: output_randn[323]: 1.60915
: output_randn[324]: 0.339413
: output_randn[325]: -0.235759
: output_randn[326]: -1.14132
: output_randn[327]: -2.07604
: output_randn[328]: -0.590396
: output_randn[329]: 0.260722
: output_randn[330]: 1.16386
: output_randn[331]: 0.271575
: output_randn[332]: 0.167006
: output_randn[333]: 0.465467
: output_randn[334]: -0.692783
: output_randn[335]: 1.15935
: output_randn[336]: 1.48526
: output_randn[337]: 1.83941
: output_randn[338]: -0.381435
: output_randn[339]: -0.737417
: output_randn[340]: 1.37117
: output_randn[341]: -0.758901
: output_randn[342]: 0.32344
: output_randn[343]: 0.025193
: output_randn[344]: -0.938546
: output_randn[345]: 0.364148
: output_randn[346]: -0.883363
: output_randn[347]: 1.48486
: output_randn[348]: -0.454855
: output_randn[349]: 0.0580413
: output_randn[350]: 0.946442
: output_randn[351]: -1.41244
: output_randn[352]: -2.31482
: output_randn[353]: -0.0127852
: output_randn[354]: 0.679776
: output_randn[355]: 0.290998
: output_randn[356]: 0.21837
: output_randn[357]: 1.00878
: output_randn[358]: -1.35003
: output_randn[359]: -0.803097
: output_randn[360]: 0.0851131
: output_randn[361]: 1.13836
: output_randn[362]: 0.381164
: output_randn[363]: -0.149574
: output_randn[364]: 0.787466
: output_randn[365]: -0.739939
: output_randn[366]: 0.738921
: output_randn[367]: -0.0690941
: output_randn[368]: 0.671827
: output_randn[369]: 0.6044
: output_randn[370]: -0.0810387
: output_randn[371]: 0.929883
: output_randn[372]: -1.25206
: output_randn[373]: 1.55514
: output_randn[374]: 1.56064
: output_randn[375]: 0.936902
: output_randn[376]: -2.57332
: output_randn[377]: -0.367433
: output_randn[378]: -0.769537
: output_randn[379]: 0.194819
: output_randn[380]: 1.19
: output_randn[381]: 2.01806
: output_randn[382]: -1.30802
: output_randn[383]: 0.0504557
: output_randn[384]: 0.39174
: output_randn[385]: -0.709683
: output_randn[386]: -1.47173
: output_randn[387]: -0.374488
: output_randn[388]: -0.435177
: output_randn[389]: 0.681664
: output_randn[390]: -0.12223
: output_randn[391]: -0.445115
: output_randn[392]: 0.140543
: output_randn[393]: 0.860599
: output_randn[394]: 1.32309
: output_randn[395]: 0.793132
: output_randn[396]: 1.08406
: output_randn[397]: 0.79603
: output_randn[398]: -1.77465
: output_randn[399]: 0.29884
: output_randn[400]: -1.53524
: output_randn[401]: 0.252868
: output_randn[402]: -0.996536
: output_randn[403]: 1.66754
: output_randn[404]: 2.04243
: output_randn[405]: 1.17128
: output_randn[406]: 2.3451
: output_randn[407]: 1.50722
: output_randn[408]: -0.625828
: output_randn[409]: 0.91586
: output_randn[410]: 0.984291
: output_randn[411]: 0.356277
: output_randn[412]: 0.590748
: output_randn[413]: -0.66073
: output_randn[414]: 0.730754
: output_randn[415]: 0.646958
: output_randn[416]: 0.38921
: output_randn[417]: 1.02654
: output_randn[418]: -0.640792
: output_randn[419]: 1.14461
: output_randn[420]: 0.150529
: output_randn[421]: -0.809732
: output_randn[422]: 0.0443189
: output_randn[423]: 0.219076
: output_randn[424]: 0.598749
: output_randn[425]: 1.24807
: output_randn[426]: -0.680457
: output_randn[427]: -0.683797
: output_randn[428]: 0.142508
: output_randn[429]: -0.241063
: output_randn[430]: -0.384511
: output_randn[431]: 1.05028
: output_randn[432]: -1.43952
: output_randn[433]: 0.767136
: output_randn[434]: -0.129515
: output_randn[435]: 0.232827
: output_randn[436]: -1.49688
: output_randn[437]: 0.922702
: output_randn[438]: -0.118088
: output_randn[439]: -0.292597
: output_randn[440]: -0.429321
: output_randn[441]: 0.292728
: output_randn[442]: 0.00660161
: output_randn[443]: -0.0954208
: output_randn[444]: 0.996837
: output_randn[445]: -1.54877
: output_randn[446]: -0.418813
: output_randn[447]: -1.60528
: output_randn[448]: -1.53277
: output_randn[449]: 0.258853
: output_randn[450]: 0.618892
: output_randn[451]: -0.797754
: output_randn[452]: -2.11179
: output_randn[453]: 0.0812155
: output_randn[454]: 0.159834
: output_randn[455]: 0.395583
: output_randn[456]: -0.0594292
: output_randn[457]: 1.38622
: output_randn[458]: -0.652565
: output_randn[459]: 0.0710951
: output_randn[460]: -0.776484
: output_randn[461]: -1.19189
: output_randn[462]: -1.11755
: output_randn[463]: 0.562188
: output_randn[464]: 0.534751
: output_randn[465]: -1.9699
: output_randn[466]: 1.38674
: output_randn[467]: -0.842576
: output_randn[468]: 0.40043
: output_randn[469]: 0.558173
: output_randn[470]: 1.80449
: output_randn[471]: -0.59463
: output_randn[472]: 0.581238
: output_randn[473]: -0.559095
: output_randn[474]: -0.881127
: output_randn[475]: -0.833012
: output_randn[476]: -0.756912
: output_randn[477]: 0.145277
: output_randn[478]: -0.768141
: output_randn[479]: 0.183493
: output_randn[480]: 1.39517
: output_randn[481]: 0.29395
: output_randn[482]: 0.838902
: output_randn[483]: -0.535783
: output_randn[484]: 0.671812
: output_randn[485]: 0.54597
: output_randn[486]: -0.33969
: output_randn[487]: -1.05071
: output_randn[488]: 1.03872
: output_randn[489]: 1.38407
: output_randn[490]: 0.307635
: output_randn[491]: 0.855461
: output_randn[492]: 0.524153
: output_randn[493]: 0.520234
: output_randn[494]: -1.24486
: output_randn[495]: -0.709828
: output_randn[496]: 0.390783
: output_randn[497]: -1.92249
: output_randn[498]: -0.649599
: output_randn[499]: -0.365667
: output_randn[500]: 0.0490817
: output_randn[501]: 1.19186
: output_randn[502]: -0.364622
: output_randn[503]: 0.349884
: output_randn[504]: -0.0834809
: output_randn[505]: 1.27614
: output_randn[506]: 0.406741
: output_randn[507]: -1.09231
: output_randn[508]: -0.0446492
: output_randn[509]: -0.305231
: output_randn[510]: 0.550429
: output_randn[511]: 2.13072
: output_randn[512]: 0.169909
: output_randn[513]: -0.00674314
: output_randn[514]: 0.590519
: output_randn[515]: -1.18714
: output_randn[516]: -1.28298
: output_randn[517]: -0.319124
: output_randn[518]: 0.693528
: output_randn[519]: -0.60116
: output_randn[520]: -0.0287779
: output_randn[521]: -0.771381
: output_randn[522]: -0.309515
: output_randn[523]: 0.335262
: output_randn[524]: -0.705973
: output_randn[525]: 0.952578
: output_randn[526]: -0.559129
: output_randn[527]: 0.0868161
: output_randn[528]: 1.39025
: output_randn[529]: -1.07384
: output_randn[530]: -2.34339
: output_randn[531]: -0.908341
: output_randn[532]: -0.295623
: output_randn[533]: -1.06788
: output_randn[534]: -1.20596
: output_randn[535]: 1.62381
: output_randn[536]: 1.31053
: output_randn[537]: -0.229275
: output_randn[538]: -0.155884
: output_randn[539]: 0.586257
: output_randn[540]: -1.86831
: output_randn[541]: 1.13071
: output_randn[542]: 1.96474
: output_randn[543]: 0.530114
: output_randn[544]: -0.616496
: output_randn[545]: -0.746459
: output_randn[546]: -1.65675
: output_randn[547]: 0.0227886
: output_randn[548]: -0.797498
: output_randn[549]: 0.405046
: output_randn[550]: -1.29399
: output_randn[551]: -1.2356
: output_randn[552]: -0.799272
: output_randn[553]: 2.43887
: output_randn[554]: 0.949558
: output_randn[555]: -0.860152
: output_randn[556]: -1.33828
: output_randn[557]: 0.927481
: output_randn[558]: -0.487003
: output_randn[559]: 0.436035
: output_randn[560]: 1.923
: output_randn[561]: -0.944972
: output_randn[562]: 0.396343
: output_randn[563]: 0.806619
: output_randn[564]: 0.390288
: output_randn[565]: 0.178958
: output_randn[566]: -1.95532
: output_randn[567]: 0.491264
: output_randn[568]: -0.0657001
: output_randn[569]: -0.513459
: output_randn[570]: 2.21088
: output_randn[571]: -0.98419
: output_randn[572]: -0.134144
: output_randn[573]: 1.58002
: output_randn[574]: 2.99659
: output_randn[575]: -1.84015
: output_randn[576]: 0.489193
: output_randn[577]: -0.571671
: output_randn[578]: -0.448208
: output_randn[579]: 0.348498
: output_randn[580]: -0.0769384
: output_randn[581]: 0.123705
: output_randn[582]: 0.00315483
: output_randn[583]: 0.55218
: output_randn[584]: -0.645047
: output_randn[585]: -0.617786
: output_randn[586]: 0.271897
: output_randn[587]: -0.631246
: output_randn[588]: 1.00239
: output_randn[589]: -0.61667
: output_randn[590]: 0.0209323
: output_randn[591]: -0.317557
: output_randn[592]: 0.266506
: output_randn[593]: -0.318996
: output_randn[594]: -0.933508
: output_randn[595]: -0.408285
: output_randn[596]: 0.569896
: output_randn[597]: -0.505622
: output_randn[598]: -0.633479
: output_randn[599]: 1.62998
: output_randn[600]: 0.0673954
: output_randn[601]: 0.569337
: output_randn[602]: -0.856316
: output_randn[603]: 0.00809462
: output_randn[604]: -0.871356
: output_randn[605]: 1.09627
: output_randn[606]: 0.65473
: output_randn[607]: 1.40173
: output_randn[608]: -1.22452
: output_randn[609]: -0.120824
: output_randn[610]: -0.866515
: output_randn[611]: 1.96899
: output_randn[612]: 1.34469
: output_randn[613]: -0.940168
: output_randn[614]: 1.43216
: output_randn[615]: 0.774021
: output_randn[616]: -0.227314
: output_randn[617]: -1.62467
: output_randn[618]: 0.0927631
: output_randn[619]: 0.070661
: output_randn[620]: -0.626212
: output_randn[621]: -1.81914
: output_randn[622]: -0.636463
: output_randn[623]: -0.217335
: output_randn[624]: -0.102624
: output_randn[625]: 1.45765
: output_randn[626]: 1.24997
: output_randn[627]: 0.214706
: output_randn[628]: 0.663083
: output_randn[629]: -1.22097
: output_randn[630]: -1.10042
: output_randn[631]: -1.15639
: output_randn[632]: 1.24381
: output_randn[633]: 2.05069
: output_randn[634]: 0.355862
: output_randn[635]: -1.97997
: output_randn[636]: -0.818476
: output_randn[637]: 0.679024
: output_randn[638]: 1.18819
: output_randn[639]: 0.616507
: output_randn[640]: 0.42427
: output_randn[641]: -0.12942
: output_randn[642]: 0.128701
: output_randn[643]: 1.49141
: output_randn[644]: 0.426963
: output_randn[645]: 0.361376
: output_randn[646]: 1.21838
: output_randn[647]: 0.463892
: output_randn[648]: -0.673343
: output_randn[649]: -1.15034
: output_randn[650]: 1.64349
: output_randn[651]: -0.00743875
: output_randn[652]: 1.0201
: output_randn[653]: -0.207097
: output_randn[654]: -0.823467
: output_randn[655]: -2.05158
: output_randn[656]: 0.274615
: output_randn[657]: -0.190218
: output_randn[658]: 0.556937
: output_randn[659]: 0.169131
: output_randn[660]: -1.3626
: output_randn[661]: 1.69244
: output_randn[662]: 0.671258
: output_randn[663]: 1.0254
: output_randn[664]: 1.98004
: output_randn[665]: 0.016077
: output_randn[666]: -0.133548
: output_randn[667]: -1.62022
: output_randn[668]: -0.349196
: output_randn[669]: -1.34322
: output_randn[670]: 0.423708
: output_randn[671]: 1.06997
: output_randn[672]: 0.817908
: output_randn[673]: -1.86015
: output_randn[674]: 0.497851
: output_randn[675]: -1.46576
: output_randn[676]: 0.861791
: output_randn[677]: -0.921989
: output_randn[678]: 0.533709
: output_randn[679]: -0.383962
: output_randn[680]: 1.22682
: output_randn[681]: -1.13406
: output_randn[682]: -0.240067
: output_randn[683]: -0.471745
: output_randn[684]: 0.809986
: output_randn[685]: -0.0155097
: output_randn[686]: -1.11669
: output_randn[687]: 1.22538
: output_randn[688]: -0.123142
: output_randn[689]: -2.38458
: output_randn[690]: 0.124241
: output_randn[691]: -0.401356
: output_randn[692]: 0.566574
: output_randn[693]: -0.53735
: output_randn[694]: 1.89356
: output_randn[695]: -0.0225907
: output_randn[696]: -0.457927
: output_randn[697]: 2.24423
: output_randn[698]: -1.35907
: output_randn[699]: 2.1662
: output_randn[700]: -0.250086
: output_randn[701]: 1.40855
: output_randn[702]: -1.33002
: output_randn[703]: -1.37372
: output_randn[704]: 0.519625
: output_randn[705]: 0.248956
: output_randn[706]: 0.565744
: output_randn[707]: 0.690994
: output_randn[708]: -0.06525
: output_randn[709]: -1.42225
: output_randn[710]: -0.628558
: output_randn[711]: 2.46551
: output_randn[712]: -0.00761628
: output_randn[713]: 1.78593
: output_randn[714]: -0.252431
: output_randn[715]: -1.44638
: output_randn[716]: -0.308157
: output_randn[717]: 0.668088
: output_randn[718]: -0.166445
: output_randn[719]: -0.925701
: output_randn[720]: -0.28352
: output_randn[721]: 0.455771
: output_randn[722]: 0.640693
: output_randn[723]: -0.365816
: output_randn[724]: 1.87602
: output_randn[725]: -0.447615
: output_randn[726]: -0.166095
: output_randn[727]: -1.45208
: output_randn[728]: -0.181614
: output_randn[729]: -1.40672
: output_randn[730]: 1.16029
: output_randn[731]: -0.260316
: output_randn[732]: 1.65379
: output_randn[733]: -0.18695
: output_randn[734]: -0.151174
: output_randn[735]: -0.994239
: output_randn[736]: -0.30254
: output_randn[737]: -0.718502
: output_randn[738]: 0.514635
: output_randn[739]: 0.974845
: output_randn[740]: 1.1773
: output_randn[741]: -0.133733
: output_randn[742]: 1.2649
: output_randn[743]: 0.457852
: output_randn[744]: -0.112242
: output_randn[745]: -0.826133
: output_randn[746]: 0.137519
: output_randn[747]: -0.220145
: output_randn[748]: -0.269703
: output_randn[749]: 0.352307
: output_randn[750]: -0.678818
: output_randn[751]: 0.988623
: output_randn[752]: 0.3309
: output_randn[753]: -1.20577
: output_randn[754]: 2.15056
: output_randn[755]: -1.60132
: output_randn[756]: 0.168639
: output_randn[757]: -1.38842
: output_randn[758]: 0.878734
: output_randn[759]: 1.35152
: output_randn[760]: -1.14521
: output_randn[761]: 1.42922
: output_randn[762]: 0.0625264
: output_randn[763]: -0.080046
: output_randn[764]: 2.65008
: output_randn[765]: -0.740842
: output_randn[766]: 0.050889
: output_randn[767]: 0.398652
: output_randn[768]: -0.612044
: output_randn[769]: 0.702862
: output_randn[770]: 1.21923
: output_randn[771]: -0.647018
: output_randn[772]: -1.1642
: output_randn[773]: -1.82569
: output_randn[774]: 0.262512
: output_randn[775]: -1.20103
: output_randn[776]: 1.30519
: output_randn[777]: -0.482965
: output_randn[778]: -1.15149
: output_randn[779]: 0.134529
: output_randn[780]: 0.587426
: output_randn[781]: 1.4663
: output_randn[782]: -0.18307
: output_randn[783]: 1.45517
: output_randn[784]: -0.917839
: output_randn[785]: -1.65853
: output_randn[786]: -0.737048
: output_randn[787]: -0.902995
: output_randn[788]: 1.51272
: output_randn[789]: -2.07833
: output_randn[790]: 1.98881
: output_randn[791]: -2.15383
: output_randn[792]: -1.03805
: output_randn[793]: 0.347372
: output_randn[794]: -0.5352
: output_randn[795]: -0.499534
: output_randn[796]: -0.451038
: output_randn[797]: -0.0801937
: output_randn[798]: 0.822539
: output_randn[799]: 0.846863
: output_randn[800]: -0.68987
: output_randn[801]: 0.742118
: output_randn[802]: 0.598878
: output_randn[803]: 0.63839
: output_randn[804]: -0.12625
: output_randn[805]: 0.752701
: output_randn[806]: -2.365
: output_randn[807]: -1.24699
: output_randn[808]: -0.748155
: output_randn[809]: -0.362235
: output_randn[810]: 1.16217
: output_randn[811]: 0.582576
: output_randn[812]: -0.805083
: output_randn[813]: 0.764043
: output_randn[814]: 1.65706
: output_randn[815]: 0.125795
: output_randn[816]: -1.93098
: output_randn[817]: 0.781217
: output_randn[818]: -0.860237
: output_randn[819]: 1.03009
: output_randn[820]: -0.598622
: output_randn[821]: 0.674258
: output_randn[822]: 0.540414
: output_randn[823]: -1.10949
: output_randn[824]: 0.181234
: output_randn[825]: -1.91884
: output_randn[826]: -0.198062
: output_randn[827]: -0.629314
: output_randn[828]: -0.756128
: output_randn[829]: 0.155616
: output_randn[830]: -0.612643
: output_randn[831]: -0.435089
: output_randn[832]: -0.528954
: output_randn[833]: 1.74304
: output_randn[834]: 1.17589
: output_randn[835]: 2.49465
: output_randn[836]: -0.067161
: output_randn[837]: 1.49324
: output_randn[838]: -0.776992
: output_randn[839]: -2.20187
: output_randn[840]: 1.56686
: output_randn[841]: 0.288751
: output_randn[842]: -2.21448
: output_randn[843]: 1.4674
: output_randn[844]: -1.34167
: output_randn[845]: -0.638953
: output_randn[846]: -0.907253
: output_randn[847]: 0.0794118
: output_randn[848]: -0.972228
: output_randn[849]: -0.186352
: output_randn[850]: -1.30509
: output_randn[851]: -0.475214
: output_randn[852]: 0.0840328
: output_randn[853]: -0.292237
: output_randn[854]: 1.26155
: output_randn[855]: -0.0643274
: output_randn[856]: 0.519255
: output_randn[857]: 0.653811
: output_randn[858]: 1.25851
: output_randn[859]: -0.460742
: output_randn[860]: 0.030389
: output_randn[861]: 0.847614
: output_randn[862]: 0.86522
: output_randn[863]: 0.469369
: output_randn[864]: 0.0208778
: output_randn[865]: -0.79891
: output_randn[866]: -1.32015
: output_randn[867]: -0.0152955
: output_randn[868]: 0.918325
: output_randn[869]: -0.169869
: output_randn[870]: 0.25894
: output_randn[871]: -0.796124
: output_randn[872]: 0.240794
: output_randn[873]: 1.48189
: output_randn[874]: -1.1724
: output_randn[875]: -1.58019
: output_randn[876]: 0.352271
: output_randn[877]: 2.11466
: output_randn[878]: -0.293437
: output_randn[879]: 1.2735
: output_randn[880]: 0.918148
: output_randn[881]: 0.617449
: output_randn[882]: 0.300685
: output_randn[883]: -1.07091
: output_randn[884]: 0.707951
: output_randn[885]: 0.0897896
: output_randn[886]: 2.27595
: output_randn[887]: -1.96545
: output_randn[888]: -0.337792
: output_randn[889]: -1.41242
: output_randn[890]: 0.97603
: output_randn[891]: -0.0247287
: output_randn[892]: -1.66111
: output_randn[893]: 0.278551
: output_randn[894]: 0.595621
: output_randn[895]: -0.856812
: output_randn[896]: 0.268025
: output_randn[897]: 0.128217
: output_randn[898]: -1.60431
: output_randn[899]: -0.776615
: output_randn[900]: -1.6528
: output_randn[901]: -0.265721
: output_randn[902]: 0.208811
: output_randn[903]: 1.19314
: output_randn[904]: 1.9046
: output_randn[905]: -0.918281
: output_randn[906]: -0.739157
: output_randn[907]: -0.982605
: output_randn[908]: -0.11302
: output_randn[909]: -0.0520802
: output_randn[910]: -1.55809
: output_randn[911]: -0.315083
: output_randn[912]: -0.666632
: output_randn[913]: 0.373472
: output_randn[914]: -0.0321582
: output_randn[915]: 1.4428
: output_randn[916]: 1.23106
: output_randn[917]: 0.329
: output_randn[918]: 1.27967
: output_randn[919]: -0.407822
: output_randn[920]: 0.418604
: output_randn[921]: -1.80114
: output_randn[922]: -0.525889
: output_randn[923]: -1.42205
: output_randn[924]: -0.124685
: output_randn[925]: 0.336134
: output_randn[926]: 0.735681
: output_randn[927]: -0.116801
: output_randn[928]: 0.237675
: output_randn[929]: -0.956715
: output_randn[930]: -0.745995
: output_randn[931]: -1.54224
: output_randn[932]: -0.330574
: output_randn[933]: -0.030675
: output_randn[934]: -0.722086
: output_randn[935]: 0.061402
: output_randn[936]: 0.0314941
: output_randn[937]: -1.58287
: output_randn[938]: 0.15623
: output_randn[939]: -1.51834
: output_randn[940]: 0.371373
: output_randn[941]: -0.392685
: output_randn[942]: -0.185838
: output_randn[943]: -0.695723
: output_randn[944]: 0.571676
: output_randn[945]: -0.0795786
: output_randn[946]: -0.268455
: output_randn[947]: -0.122701
: output_randn[948]: 0.872072
: output_randn[949]: 0.492601
: output_randn[950]: -0.381098
: output_randn[951]: 0.826354
: output_randn[952]: -0.297518
: output_randn[953]: 1.02098
: output_randn[954]: 1.12976
: output_randn[955]: -1.46727
: output_randn[956]: -0.786689
: output_randn[957]: -0.29008
: output_randn[958]: -0.542876
: output_randn[959]: 0.949307
: output_randn[960]: -0.577117
: output_randn[961]: 0.24216
: output_randn[962]: 2.50714
: output_randn[963]: 0.769478
: output_randn[964]: -1.02783
: output_randn[965]: -1.1361
: output_randn[966]: 0.621636
: output_randn[967]: -1.29325
: output_randn[968]: -0.631757
: output_randn[969]: 0.212386
: output_randn[970]: 0.332717
: output_randn[971]: -0.109805
: output_randn[972]: -1.39214
: output_randn[973]: -1.04529
: output_randn[974]: -0.916267
: output_randn[975]: -1.70572
: output_randn[976]: -2.39748
: output_randn[977]: -0.666911
: output_randn[978]: -1.27831
: output_randn[979]: 0.831613
: output_randn[980]: 0.890987
: output_randn[981]: 0.71815
: output_randn[982]: -0.876069
: output_randn[983]: 1.89408
: output_randn[984]: 0.444275
: output_randn[985]: -0.342062
: output_randn[986]: 1.25423
: output_randn[987]: -1.37418
: output_randn[988]: 0.427058
: output_randn[989]: -0.906096
: output_randn[990]: 0.195249
: output_randn[991]: -0.246531
: output_randn[992]: -0.406525
: output_randn[993]: 0.460359
: output_randn[994]: 1.10495
: output_randn[995]: -0.704532
: output_randn[996]: 0.133314
: output_randn[997]: 0.428027
: output_randn[998]: 0.14996
: output_randn[999]: -1.00194
: output_randn[1000]: -0.961956
: output_randn[1001]: -0.622237
: output_randn[1002]: 0.672693
: output_randn[1003]: -1.56566
: output_randn[1004]: -0.855238
: output_randn[1005]: -0.492956
: output_randn[1006]: 1.07717
: output_randn[1007]: -0.414618
: output_randn[1008]: -1.01531
: output_randn[1009]: -2.34208
: output_randn[1010]: 2.02128
: output_randn[1011]: -1.23962
: output_randn[1012]: -0.711607
: output_randn[1013]: 0.446692
: output_randn[1014]: 2.57418
: output_randn[1015]: 1.20234
: output_randn[1016]: -0.324726
: output_randn[1017]: -0.809922
: output_randn[1018]: -0.258751
: output_randn[1019]: 0.360168
: output_randn[1020]: 1.79427
: output_randn[1021]: -0.900472
: output_randn[1022]: 1.21466
: output_randn[1023]: -0.742234
INFO: [SIM 211-1] CSim done with 0 errors.
INFO: [SIM 211-3] *************** CSIM finish ***************
INFO: [HLS 200-111] Finished Command csim_design CPU user time: 7.2 seconds. CPU system time: 1 seconds. Elapsed time: 7.52 seconds; current allocated memory: -937.109 MB.
INFO: [HLS 200-112] Total CPU user time: 9.92 seconds. Total CPU system time: 1.71 seconds. Total elapsed time: 9.68 seconds; peak allocated memory: 264.160 MB.
INFO: [Common 17-206] Exiting vitis_hls at Wed May 18 10:39:46 2022...
